Arguments: 
  /usr/bin/node /usr/share/yarn/bin/yarn.js add fastfy -D

PATH: 
  /home/luciano/.yarn/bin:/home/luciano/.yarn/bin:/home/luciano/.zinit/polaris/bin:/usr/local/sbin:/usr/local/bin:/usr/sbin:/usr/bin:/sbin:/bin:/usr/games:/usr/local/games:/snap/bin:/snap/bin:/home/luciano/android-studio/bin:/home/luciano/Android/Sdk/emulator:/home/luciano/Android/Sdk/tools:/home/luciano/Android/Sdk/tools/bin:/home/luciano/Android/Sdk/platform-tools:/home/luciano/android-studio/bin:/home/luciano/Android/Sdk/emulator:/home/luciano/Android/Sdk/tools:/home/luciano/Android/Sdk/tools/bin:/home/luciano/Android/Sdk/platform-tools

Yarn version: 
  1.22.19

Node version: 
  14.20.1

Platform: 
  linux x64

Trace: 
  Error: https://registry.yarnpkg.com/fastfy: Not found
      at Request.params.callback [as _callback] (/usr/share/yarn/lib/cli.js:66145:18)
      at Request.self.callback (/usr/share/yarn/lib/cli.js:140890:22)
      at Request.emit (events.js:400:28)
      at Request.<anonymous> (/usr/share/yarn/lib/cli.js:141862:10)
      at Request.emit (events.js:400:28)
      at IncomingMessage.<anonymous> (/usr/share/yarn/lib/cli.js:141784:12)
      at Object.onceWrapper (events.js:519:28)
      at IncomingMessage.emit (events.js:412:35)
      at endReadableNT (internal/streams/readable.js:1333:12)
      at processTicksAndRejections (internal/process/task_queues.js:82:21)

npm manifest: 
  {
    "name": "server-bolao",
    "version": "1.0.0",
    "description": "",
    "main": "index.js",
    "dependencies": {},
    "devDependencies": {
      "typescript": "^4.8.4"
    },
    "scripts": {
      "test": "echo \"Error: no test specified\" && exit 1"
    },
    "keywords": [],
    "author": "",
    "license": "ISC"
  }

yarn manifest: 
  No manifest

Lockfile: 
  # THIS IS AN AUTOGENERATED FILE. DO NOT EDIT THIS FILE DIRECTLY.
  # yarn lockfile v1
  
  
  typescript@^4.8.4:
    version "4.8.4"
    resolved "https://registry.yarnpkg.com/typescript/-/typescript-4.8.4.tgz#c464abca159669597be5f96b8943500b238e60e6"
    integrity sha512-QCh+85mCy+h0IGff8r5XWzOVSbBO+KfeYrMQh7NJ58QujwcE22u+NUSmUxqF+un70P9GXKxa2HCNiTTMJknyjQ==
